<?xml version="1.0" encoding="UTF-8"?>
<!-- Generated by org.testng.reporters.JUnitXMLReporter -->
<testsuite ignored="0" hostname="DESKTOP-61ES4FM" failures="0" tests="5" name="Default test" time="191.7" errors="0" timestamp="2022-11-18T06:47:46 EET">
  <testcase classname="all_test.ALLPROJECT" name="log" time="15.793"/>
  <testcase classname="all_test.ALLPROJECT" name="Register" time="47.929"/>
  <testcase classname="all_test.ALLPROJECT" name="LoginWithCapture" time="44.512"/>
  <testcase classname="all_test.ALLPROJECT" name="View" time="52.083"/>
  <testcase classname="all_test.ALLPROJECT" name="View_DATA" time="27.617"/>
</testsuite> <!-- Default test -->
